This is pdfTeX, Version 3.14159265-2.6-1.40.16 (TeX Live 2015/Debian) (preloaded format=pdflatex 2016.7.28)  3 FEB 2017 13:54
entering extended mode
 restricted \write18 enabled.
 %&-line parsing enabled.
**\input manual2.tex
(./manual2.tex (/usr/share/texlive/texmf-dist/tex/latex/base/report.cls
Document Class: report 2014/09/29 v1.4h Standard LaTeX document class
(/usr/share/texlive/texmf-dist/tex/latex/base/size12.clo
File: size12.clo 2014/09/29 v1.4h Standard LaTeX file (size option)
)
\c@part=\count79
\c@chapter=\count80
\c@section=\count81
\c@subsection=\count82
\c@subsubsection=\count83
\c@paragraph=\count84
\c@subparagraph=\count85
\c@figure=\count86
\c@table=\count87
\abovecaptionskip=\skip41
\belowcaptionskip=\skip42
\bibindent=\dimen102
)
(/usr/share/texmf/tex/latex/lm/lmodern.sty
Package: lmodern 2009/10/30 v1.6 Latin Modern Fonts
LaTeX Font Info:    Overwriting symbol font `operators' in version `normal'
(Font)                  OT1/cmr/m/n --> OT1/lmr/m/n on input line 22.
LaTeX Font Info:    Overwriting symbol font `letters' in version `normal'
(Font)                  OML/cmm/m/it --> OML/lmm/m/it on input line 23.
LaTeX Font Info:    Overwriting symbol font `symbols' in version `normal'
(Font)                  OMS/cmsy/m/n --> OMS/lmsy/m/n on input line 24.
LaTeX Font Info:    Overwriting symbol font `largesymbols' in version `normal'
(Font)                  OMX/cmex/m/n --> OMX/lmex/m/n on input line 25.
LaTeX Font Info:    Overwriting symbol font `operators' in version `bold'
(Font)                  OT1/cmr/bx/n --> OT1/lmr/bx/n on input line 26.
LaTeX Font Info:    Overwriting symbol font `letters' in version `bold'
(Font)                  OML/cmm/b/it --> OML/lmm/b/it on input line 27.
LaTeX Font Info:    Overwriting symbol font `symbols' in version `bold'
(Font)                  OMS/cmsy/b/n --> OMS/lmsy/b/n on input line 28.
LaTeX Font Info:    Overwriting symbol font `largesymbols' in version `bold'
(Font)                  OMX/cmex/m/n --> OMX/lmex/m/n on input line 29.
LaTeX Font Info:    Overwriting math alphabet `\mathbf' in version `normal'
(Font)                  OT1/cmr/bx/n --> OT1/lmr/bx/n on input line 31.
LaTeX Font Info:    Overwriting math alphabet `\mathsf' in version `normal'
(Font)                  OT1/cmss/m/n --> OT1/lmss/m/n on input line 32.
LaTeX Font Info:    Overwriting math alphabet `\mathit' in version `normal'
(Font)                  OT1/cmr/m/it --> OT1/lmr/m/it on input line 33.
LaTeX Font Info:    Overwriting math alphabet `\mathtt' in version `normal'
(Font)                  OT1/cmtt/m/n --> OT1/lmtt/m/n on input line 34.
LaTeX Font Info:    Overwriting math alphabet `\mathbf' in version `bold'
(Font)                  OT1/cmr/bx/n --> OT1/lmr/bx/n on input line 35.
LaTeX Font Info:    Overwriting math alphabet `\mathsf' in version `bold'
(Font)                  OT1/cmss/bx/n --> OT1/lmss/bx/n on input line 36.
LaTeX Font Info:    Overwriting math alphabet `\mathit' in version `bold'
(Font)                  OT1/cmr/bx/it --> OT1/lmr/bx/it on input line 37.
LaTeX Font Info:    Overwriting math alphabet `\mathtt' in version `bold'
(Font)                  OT1/cmtt/m/n --> OT1/lmtt/m/n on input line 38.
)
(/usr/share/texlive/texmf-dist/tex/latex/base/fontenc.sty
Package: fontenc 2005/09/27 v1.99g Standard LaTeX package

(/usr/share/texlive/texmf-dist/tex/latex/base/t1enc.def
File: t1enc.def 2005/09/27 v1.99g Standard LaTeX file
LaTeX Font Info:    Redeclaring font encoding T1 on input line 48.
))
(/usr/share/texlive/texmf-dist/tex/generic/epsf/epsf.sty
This is `epsf.tex' v2.7.4 <14 February 2011>
\epsffilein=\read1
\epsfframemargin=\dimen103
\epsfframethickness=\dimen104
\epsfrsize=\dimen105
\epsftmp=\dimen106
\epsftsize=\dimen107
\epsfxsize=\dimen108
\epsfysize=\dimen109
\pspoints=\dimen110
) (/usr/share/texlive/texmf-dist/tex/latex/graphics/epsfig.sty
Package: epsfig 1999/02/16 v1.7a (e)psfig emulation (SPQR)

(/usr/share/texlive/texmf-dist/tex/latex/graphics/graphicx.sty
Package: graphicx 2014/10/28 v1.0g Enhanced LaTeX Graphics (DPC,SPQR)

(/usr/share/texlive/texmf-dist/tex/latex/graphics/keyval.sty
Package: keyval 2014/10/28 v1.15 key=value parser (DPC)
\KV@toks@=\toks14
)
(/usr/share/texlive/texmf-dist/tex/latex/graphics/graphics.sty
Package: graphics 2016/01/03 v1.0q Standard LaTeX Graphics (DPC,SPQR)

(/usr/share/texlive/texmf-dist/tex/latex/graphics/trig.sty
Package: trig 2016/01/03 v1.10 sin cos tan (DPC)
)
(/usr/share/texlive/texmf-dist/tex/latex/latexconfig/graphics.cfg
File: graphics.cfg 2010/04/23 v1.9 graphics configuration of TeX Live
)
Package graphics Info: Driver file: pdftex.def on input line 95.

(/usr/share/texlive/texmf-dist/tex/latex/pdftex-def/pdftex.def
File: pdftex.def 2011/05/27 v0.06d Graphics/color for pdfTeX

(/usr/share/texlive/texmf-dist/tex/generic/oberdiek/infwarerr.sty
Package: infwarerr 2010/04/08 v1.3 Providing info/warning/error messages (HO)
)
(/usr/share/texlive/texmf-dist/tex/generic/oberdiek/ltxcmds.sty
Package: ltxcmds 2011/11/09 v1.22 LaTeX kernel commands for general use (HO)
)
\Gread@gobject=\count88
))
\Gin@req@height=\dimen111
\Gin@req@width=\dimen112
)
\epsfxsize=\dimen113
\epsfysize=\dimen114
)
(/usr/share/texlive/texmf-dist/tex/latex/subfigure/subfigure.sty
Package: subfigure 2002/03/15 v2.1.5 subfigure package
\subfigtopskip=\skip43
\subfigcapskip=\skip44
\subfigcaptopadj=\dimen115
\subfigbottomskip=\skip45
\subfigcapmargin=\dimen116
\subfiglabelskip=\skip46
\c@subfigure=\count89
\c@lofdepth=\count90
\c@subtable=\count91
\c@lotdepth=\count92

****************************************
* Local config file subfigure.cfg used *
****************************************
(/usr/share/texlive/texmf-dist/tex/latex/subfigure/subfigure.cfg)
\subfig@top=\skip47
\subfig@bottom=\skip48
)
(/usr/share/texlive/texmf-dist/tex/latex/base/latexsym.sty
Package: latexsym 1998/08/17 v2.2e Standard LaTeX package (lasy symbols)
\symlasy=\mathgroup4
LaTeX Font Info:    Overwriting symbol font `lasy' in version `bold'
(Font)                  U/lasy/m/n --> U/lasy/b/n on input line 52.
)
(/usr/share/texlive/texmf-dist/tex/latex/tools/xspace.sty
Package: xspace 2014/10/28 v1.13 Space after command names (DPC,MH)
)
(/usr/share/texlive/texmf-dist/tex/latex/amsfonts/amssymb.sty
Package: amssymb 2013/01/14 v3.01 AMS font symbols

(/usr/share/texlive/texmf-dist/tex/latex/amsfonts/amsfonts.sty
Package: amsfonts 2013/01/14 v3.01 Basic AMSFonts support
\@emptytoks=\toks15
\symAMSa=\mathgroup5
\symAMSb=\mathgroup6
LaTeX Font Info:    Overwriting math alphabet `\mathfrak' in version `bold'
(Font)                  U/euf/m/n --> U/euf/b/n on input line 106.
))
(/usr/share/texlive/texmf-dist/tex/latex/base/alltt.sty
Package: alltt 1997/06/16 v2.0g defines alltt environment
)
(/usr/share/texlive/texmf-dist/tex/latex/base/makeidx.sty
Package: makeidx 2014/09/29 v1.0m Standard LaTeX package
)
(/usr/share/texlive/texmf-dist/tex/latex/tools/longtable.sty
Package: longtable 2014/10/28 v4.11 Multi-page Table package (DPC)
\LTleft=\skip49
\LTright=\skip50
\LTpre=\skip51
\LTpost=\skip52
\LTchunksize=\count93
\LTcapwidth=\dimen117
\LT@head=\box26
\LT@firsthead=\box27
\LT@foot=\box28
\LT@lastfoot=\box29
\LT@cols=\count94
\LT@rows=\count95
\c@LT@tables=\count96
\c@LT@chunks=\count97
\LT@p@ftn=\toks16
)
(/usr/share/texlive/texmf-dist/tex/latex/eepic/epic.sty
Enhancements to Picture Environment. Version 1.2 - Released June 1, 1986
\@@multicnt=\count98
\d@lta=\count99
\@delta=\dimen118
\@@delta=\dimen119
\@gridcnt=\count100
\@joinkind=\count101
\@dotgap=\dimen120
\@ddotgap=\dimen121
\@x@diff=\count102
\@y@diff=\count103
\x@diff=\dimen122
\y@diff=\dimen123
\@dotbox=\box30
\num@segments=\count104
\num@segmentsi=\count105
\@datafile=\read2
) (/usr/share/texlive/texmf-dist/tex/latex/ecltree/ecltree.sty
ECL Tree graph macro by isozaki, Nov. 12, 1990 + 2e FIX
\@BundleWidth=\dimen124
\@BundleDepth=\dimen125
\@BundleHeight=\dimen126
\@NodeBox=\box31
\GapDepth=\dimen127
\GapWidth=\dimen128
\EdgeLabelSep=\dimen129
) (/usr/share/texlive/texmf-dist/tex/latex/hyperref/hyperref.sty
Package: hyperref 2012/11/06 v6.83m Hypertext links for LaTeX

(/usr/share/texlive/texmf-dist/tex/generic/oberdiek/hobsub-hyperref.sty
Package: hobsub-hyperref 2012/05/28 v1.13 Bundle oberdiek, subset hyperref (HO)


(/usr/share/texlive/texmf-dist/tex/generic/oberdiek/hobsub-generic.sty
Package: hobsub-generic 2012/05/28 v1.13 Bundle oberdiek, subset generic (HO)
Package: hobsub 2012/05/28 v1.13 Construct package bundles (HO)
Package hobsub Info: Skipping package `infwarerr' (already loaded).
Package hobsub Info: Skipping package `ltxcmds' (already loaded).
Package: ifluatex 2010/03/01 v1.3 Provides the ifluatex switch (HO)
Package ifluatex Info: LuaTeX not detected.
Package: ifvtex 2010/03/01 v1.5 Detect VTeX and its facilities (HO)
Package ifvtex Info: VTeX not detected.
Package: intcalc 2007/09/27 v1.1 Expandable calculations with integers (HO)
Package: ifpdf 2011/01/30 v2.3 Provides the ifpdf switch (HO)
Package ifpdf Info: pdfTeX in PDF mode is detected.
Package: etexcmds 2011/02/16 v1.5 Avoid name clashes with e-TeX commands (HO)
Package etexcmds Info: Could not find \expanded.
(etexcmds)             That can mean that you are not using pdfTeX 1.50 or
(etexcmds)             that some package has redefined \expanded.
(etexcmds)             In the latter case, load this package earlier.
Package: kvsetkeys 2012/04/25 v1.16 Key value parser (HO)
Package: kvdefinekeys 2011/04/07 v1.3 Define keys (HO)
Package: pdftexcmds 2011/11/29 v0.20 Utility functions of pdfTeX for LuaTeX (HO
)
Package pdftexcmds Info: LuaTeX not detected.
Package pdftexcmds Info: \pdf@primitive is available.
Package pdftexcmds Info: \pdf@ifprimitive is available.
Package pdftexcmds Info: \pdfdraftmode found.
Package: pdfescape 2011/11/25 v1.13 Implements pdfTeX's escape features (HO)
Package: bigintcalc 2012/04/08 v1.3 Expandable calculations on big integers (HO
)
Package: bitset 2011/01/30 v1.1 Handle bit-vector datatype (HO)
Package: uniquecounter 2011/01/30 v1.2 Provide unlimited unique counter (HO)
)
Package hobsub Info: Skipping package `hobsub' (already loaded).
Package: letltxmacro 2010/09/02 v1.4 Let assignment for LaTeX macros (HO)
Package: hopatch 2012/05/28 v1.2 Wrapper for package hooks (HO)
Package: xcolor-patch 2011/01/30 xcolor patch
Package: atveryend 2011/06/30 v1.8 Hooks at the very end of document (HO)
Package atveryend Info: \enddocument detected (standard20110627).
Package: atbegshi 2011/10/05 v1.16 At begin shipout hook (HO)
Package: refcount 2011/10/16 v3.4 Data extraction from label references (HO)
Package: hycolor 2011/01/30 v1.7 Color options for hyperref/bookmark (HO)
)
(/usr/share/texlive/texmf-dist/tex/generic/ifxetex/ifxetex.sty
Package: ifxetex 2010/09/12 v0.6 Provides ifxetex conditional
)
(/usr/share/texlive/texmf-dist/tex/latex/oberdiek/auxhook.sty
Package: auxhook 2011/03/04 v1.3 Hooks for auxiliary files (HO)
)
(/usr/share/texlive/texmf-dist/tex/latex/oberdiek/kvoptions.sty
Package: kvoptions 2011/06/30 v3.11 Key value format for package options (HO)
)
\@linkdim=\dimen130
\Hy@linkcounter=\count106
\Hy@pagecounter=\count107

(/usr/share/texlive/texmf-dist/tex/latex/hyperref/pd1enc.def
File: pd1enc.def 2012/11/06 v6.83m Hyperref: PDFDocEncoding definition (HO)
)
\Hy@SavedSpaceFactor=\count108

(/usr/share/texlive/texmf-dist/tex/latex/latexconfig/hyperref.cfg
File: hyperref.cfg 2002/06/06 v1.2 hyperref configuration of TeXLive
)
Package hyperref Info: Option `colorlinks' set `true' on input line 4319.
Package hyperref Info: Hyper figures OFF on input line 4443.
Package hyperref Info: Link nesting OFF on input line 4448.
Package hyperref Info: Hyper index ON on input line 4451.
Package hyperref Info: Plain pages OFF on input line 4458.
Package hyperref Info: Backreferencing OFF on input line 4463.
Package hyperref Info: Implicit mode ON; LaTeX internals redefined.
Package hyperref Info: Bookmarks ON on input line 4688.
\c@Hy@tempcnt=\count109

(/usr/share/texlive/texmf-dist/tex/latex/url/url.sty
\Urlmuskip=\muskip10
Package: url 2013/09/16  ver 3.4  Verb mode for urls, etc.
)
LaTeX Info: Redefining \url on input line 5041.
\XeTeXLinkMargin=\dimen131
\Fld@menulength=\count110
\Field@Width=\dimen132
\Fld@charsize=\dimen133
Package hyperref Info: Hyper figures OFF on input line 6295.
Package hyperref Info: Link nesting OFF on input line 6300.
Package hyperref Info: Hyper index ON on input line 6303.
Package hyperref Info: backreferencing OFF on input line 6310.
Package hyperref Info: Link coloring ON on input line 6313.
Package hyperref Info: Link coloring with OCG OFF on input line 6320.
Package hyperref Info: PDF/A mode OFF on input line 6325.
LaTeX Info: Redefining \ref on input line 6365.
LaTeX Info: Redefining \pageref on input line 6369.
\Hy@abspage=\count111
\c@Item=\count112
\c@Hfootnote=\count113
)

Package hyperref Message: Driver (autodetected): hpdftex.

(/usr/share/texlive/texmf-dist/tex/latex/hyperref/hpdftex.def
File: hpdftex.def 2012/11/06 v6.83m Hyperref driver for pdfTeX
\Fld@listcount=\count114
\c@bookmark@seq@number=\count115

(/usr/share/texlive/texmf-dist/tex/latex/oberdiek/rerunfilecheck.sty
Package: rerunfilecheck 2011/04/15 v1.7 Rerun checks for auxiliary files (HO)
Package uniquecounter Info: New unique counter `rerunfilecheck' on input line 2
82.
)
\Hy@SectionHShift=\skip53
)
\c@dummylemma=\count116
\c@example=\count117
\c@axiom=\count118
\c@instance=\count119
\c@proposition=\count120

(./predindex.sty)
\@predindexfile=\write3
\openout3 = `manual2.pdx'.


Writing predicate index file manual2.pdx 
\@indexfile=\write4
\openout4 = `manual2.idx'.

Writing index file manual2.idx
(./manual2.aux)
\openout1 = `manual2.aux'.

LaTeX Font Info:    Checking defaults for OML/cmm/m/it on input line 168.
LaTeX Font Info:    ... okay on input line 168.
LaTeX Font Info:    Checking defaults for T1/cmr/m/n on input line 168.
LaTeX Font Info:    ... okay on input line 168.
LaTeX Font Info:    Checking defaults for OT1/cmr/m/n on input line 168.
LaTeX Font Info:    ... okay on input line 168.
LaTeX Font Info:    Checking defaults for OMS/cmsy/m/n on input line 168.
LaTeX Font Info:    ... okay on input line 168.
LaTeX Font Info:    Checking defaults for OMX/cmex/m/n on input line 168.
LaTeX Font Info:    ... okay on input line 168.
LaTeX Font Info:    Checking defaults for U/cmr/m/n on input line 168.
LaTeX Font Info:    ... okay on input line 168.
LaTeX Font Info:    Checking defaults for PD1/pdf/m/n on input line 168.
LaTeX Font Info:    ... okay on input line 168.
LaTeX Font Info:    Try loading font information for T1+lmr on input line 168.
 (/usr/share/texmf/tex/latex/lm/t1lmr.fd
File: t1lmr.fd 2009/10/30 v1.6 Font defs for Latin Modern
)
(/usr/share/texlive/texmf-dist/tex/context/base/supp-pdf.mkii
[Loading MPS to PDF converter (version 2006.09.02).]
\scratchcounter=\count121
\scratchdimen=\dimen134
\scratchbox=\box32
\nofMPsegments=\count122
\nofMParguments=\count123
\everyMPshowfont=\toks17
\MPscratchCnt=\count124
\MPscratchDim=\dimen135
\MPnumerator=\count125
\makeMPintoPDFobject=\count126
\everyMPtoPDFconversion=\toks18
) (/usr/share/texlive/texmf-dist/tex/latex/oberdiek/epstopdf-base.sty
Package: epstopdf-base 2010/02/09 v2.5 Base part for package epstopdf

(/usr/share/texlive/texmf-dist/tex/latex/oberdiek/grfext.sty
Package: grfext 2010/08/19 v1.1 Manage graphics extensions (HO)
)
Package grfext Info: Graphics extension search list:
(grfext)             [.png,.pdf,.jpg,.mps,.jpeg,.jbig2,.jb2,.PNG,.PDF,.JPG,.JPE
G,.JBIG2,.JB2,.eps]
(grfext)             \AppendGraphicsExtensions on input line 452.

(/usr/share/texlive/texmf-dist/tex/latex/latexconfig/epstopdf-sys.cfg
File: epstopdf-sys.cfg 2010/07/13 v1.3 Configuration of (r)epstopdf for TeX Liv
e
))
\AtBeginShipoutBox=\box33

(/usr/share/texlive/texmf-dist/tex/latex/graphics/color.sty
Package: color 2016/01/03 v1.1b Standard LaTeX Color (DPC)

(/usr/share/texlive/texmf-dist/tex/latex/latexconfig/color.cfg
File: color.cfg 2007/01/18 v1.5 color configuration of teTeX/TeXLive
)
Package color Info: Driver file: pdftex.def on input line 143.
)
Package hyperref Info: Link coloring ON on input line 168.

(/usr/share/texlive/texmf-dist/tex/latex/hyperref/nameref.sty
Package: nameref 2012/10/27 v2.43 Cross-referencing by name of section

(/usr/share/texlive/texmf-dist/tex/generic/oberdiek/gettitlestring.sty
Package: gettitlestring 2010/12/03 v1.4 Cleanup title references (HO)
)
\c@section@level=\count127
)
LaTeX Info: Redefining \ref on input line 168.
LaTeX Info: Redefining \pageref on input line 168.
LaTeX Info: Redefining \nameref on input line 168.

(./manual2.out) (./manual2.out)
\@outlinefile=\write5
\openout5 = `manual2.out'.

LaTeX Font Info:    Try loading font information for OT1+lmr on input line 179.

 (/usr/share/texmf/tex/latex/lm/ot1lmr.fd
File: ot1lmr.fd 2009/10/30 v1.6 Font defs for Latin Modern
)
LaTeX Font Info:    Try loading font information for OML+lmm on input line 179.


(/usr/share/texmf/tex/latex/lm/omllmm.fd
File: omllmm.fd 2009/10/30 v1.6 Font defs for Latin Modern
)
LaTeX Font Info:    Try loading font information for OMS+lmsy on input line 179
.

(/usr/share/texmf/tex/latex/lm/omslmsy.fd
File: omslmsy.fd 2009/10/30 v1.6 Font defs for Latin Modern
)
LaTeX Font Info:    Try loading font information for OMX+lmex on input line 179
.

(/usr/share/texmf/tex/latex/lm/omxlmex.fd
File: omxlmex.fd 2009/10/30 v1.6 Font defs for Latin Modern
)
LaTeX Font Info:    External font `lmex10' loaded for size
(Font)              <14.4> on input line 179.
LaTeX Font Info:    External font `lmex10' loaded for size
(Font)              <10> on input line 179.
LaTeX Font Info:    External font `lmex10' loaded for size
(Font)              <7> on input line 179.
LaTeX Font Info:    Try loading font information for U+lasy on input line 179.

(/usr/share/texlive/texmf-dist/tex/latex/base/ulasy.fd
File: ulasy.fd 1998/08/17 v2.2e LaTeX symbol font definitions
)
LaTeX Font Info:    Try loading font information for U+msa on input line 179.

(/usr/share/texlive/texmf-dist/tex/latex/amsfonts/umsa.fd
File: umsa.fd 2013/01/14 v3.01 AMS symbols A
)
LaTeX Font Info:    Try loading font information for U+msb on input line 179.

(/usr/share/texlive/texmf-dist/tex/latex/amsfonts/umsb.fd
File: umsb.fd 2013/01/14 v3.01 AMS symbols B
)
<xsb-logo.jpg, id=446, 833.2731pt x 389.5353pt>
File: xsb-logo.jpg Graphic file (type jpg)
 <use xsb-logo.jpg>
Package pdftex.def Info: xsb-logo.jpg used on input line 179.
(pdftex.def)             Requested size: 180.67499pt x 84.4617pt.
 [1

{/var/lib/texmf/fonts/map/pdftex/updmap/pdftex.map} <./xsb-logo.jpg>] (./credit
s2.tex)pdfTeX warning (ext4): destination with the same identifier (name{page.1
}) has been already used, duplicate ignored
<to be read again> 
                   \relax 
l.183 \newpage
               [1] (./manual2.toc
LaTeX Font Info:    External font `lmex10' loaded for size
(Font)              <12> on input line 2.
LaTeX Font Info:    External font `lmex10' loaded for size
(Font)              <8> on input line 2.
LaTeX Font Info:    External font `lmex10' loaded for size
(Font)              <6> on input line 2.
 [1

]
LaTeX Font Info:    Try loading font information for T1+lmtt on input line 37.
 (/usr/share/texmf/tex/latex/lm/t1lmtt.fd
File: t1lmtt.fd 2009/10/30 v1.6 Font defs for Latin Modern
) [2] [3] [4])
\tf@toc=\write6
\openout6 = `manual2.toc'.

 [5] (./odbc_man/odbc_man.tex
Chapter 1.
LaTeX Font Info:    External font `lmex10' loaded for size
(Font)              <5> on input line 7.
LaTeX Font Info:    Try loading font information for OMS+lmr on input line 30.
(/usr/share/texmf/tex/latex/lm/omslmr.fd
File: omslmr.fd 2009/10/30 v1.6 Font defs for Latin Modern
)
LaTeX Font Info:    Font shape `OMS/lmr/m/n' in size <12> not available
(Font)              Font shape `OMS/lmsy/m/n' tried instead on input line 30.
pdfTeX warning (ext4): destination with the same identifier (name{page.1}) has 
been already used, duplicate ignored
<to be read again> 
                   \relax 
l.39         \end{itemize}
                           [1

] [2] [3] [4]
Overfull \hbox (18.07025pt too wide) in paragraph at lines 215--215
[]        \T1/lmtt/m/n/12 odbc_sql([Id],'SELECT TName,Price FROM Test WHERE TId
 = ?', [Nam,Pri]).[] 
 []


Overfull \hbox (61.29527pt too wide) in paragraph at lines 227--227
[]      \T1/lmtt/m/n/12 odbc_sql([],['SELECT TName,Price FROM Test WHERE TId = 
''',Id,''''], [Nam,Pri]).[] 
 []

[5]
Overfull \hbox (36.59526pt too wide) in paragraph at lines 286--286
[]\T1/lmtt/m/n/12 | ?- odbc_import('TableName'('FIELD1', 'FIELD2', ..., 'FIELDn
'), 'PredicateName').[] 
 []

[6]
Underfull \hbox (badness 10000) in paragraph at lines 355--357

 []


Overfull \hbox (27.9162pt too wide) in paragraph at lines 358--364
\T1/lmr/m/n/12 relation-level in-ter-face. Ac-cord-ingly, the ODBC in-ter-face 
also de-fines the pred-i-cate \T1/lmtt/m/n/12 odbc_import/4
 []

[7] [8]
Overfull \hbox (29.75587pt too wide) in paragraph at lines 450--452
\T1/lmr/m/n/12 To in-sert rows with NULL val-ues you can use \T1/lmtt/m/n/12 Fi
eld = 'NULL'(_) \T1/lmr/m/n/12 or \T1/lmtt/m/n/12 Field = 'NULL'(null2346)\T1/l
mr/m/n/12 .
 []

[9] [10]
Overfull \hbox (36.59526pt too wide) in paragraph at lines 592--592
[]\T1/lmtt/m/n/12 | ?- odbc_import('Doctor'('DId', 'FId', 'DName','PhoneNo','Ch
argePerMin'),doctor).[] 
 []

[11] [12] [13]
Overfull \hbox (17.64082pt too wide) in paragraph at lines 733--734
[]\T1/lmr/m/n/12 Shows all rows of the database ta-ble named \T1/lmtt/m/n/12 'T
able'\T1/lmr/m/n/12 . 
 []

[14]
Overfull \hbox (2.76724pt too wide) in paragraph at lines 759--760
[]\T1/lmtt/m/n/12 FIELDS \T1/lmr/m/n/12 is the field spec-i-fi-ca-tion as in SQ
L. 
 []


Overfull \hbox (1.07689pt too wide) in paragraph at lines 770--772
[]\T1/lmtt/m/n/12 Fields \T1/lmr/m/n/12 is the list
 []

[15]
Overfull \hbox (38.8842pt too wide) in paragraph at lines 846--849
\T1/lmr/m/n/12 value for the ODBC in-ter-face. To turn it off ex-e-cute the com
-mand \T1/lmtt/m/n/12 set_odbc_flag(show_query,on)\T1/lmr/m/n/12 . 
 []


Overfull \hbox (146.61649pt too wide) in paragraph at lines 868--873
[]\T1/lmr/m/n/12 Throws an error-term of the form \T1/lmtt/m/n/12 error(odbc_er
ror,Message,Backtrace)\T1/lmr/m/n/12 ,
 []

[16] [17]) (./xsb_dbi.tex [18]
Chapter 2.
[19

]
Overfull \hbox (21.21043pt too wide) in paragraph at lines 76--81
[]\T1/lmr/m/n/12 Under Unix, the \T1/lmtt/m/n/12 configure \T1/lmr/m/n/12 scrip
t will build the drivers au-to-mat-i-cally if the \T1/lmtt/m/n/12 --with-dbdriv
ers
 []

[20]
Overfull \hbox (18.89337pt too wide) in paragraph at lines 141--145
\T1/lmr/m/n/12 quired MySQL's li-braries are. You also need the file \T1/lmtt/m
/n/12 packages$\OMS/lmsy/m/n/12 n$\T1/lmtt/m/n/12 dbdrivers$\OMS/lmsy/m/n/12 n$
\T1/lmtt/m/n/12 mysql$\OMS/lmsy/m/n/12 n$\T1/lmtt/m/n/12 mysql_init.P
 []

[21] [22] [23]
Overfull \hbox (5.72025pt too wide) in paragraph at lines 315--315
[]     \T1/lmtt/m/n/12 db_query(ha,qa,['select T.name from student T where T.ad
visor=',X],[P]),[] 
 []

[24]
Overfull \hbox (11.89525pt too wide) in paragraph at lines 397--397
[]\T1/lmtt/m/n/12 ?- db_query(handle,qh2,['insert into mytbl values(111,222,','
NULL'(),')'],[]).[] 
 []

[25] [26]
Overfull \hbox (13.80246pt too wide) in paragraph at lines 506--516
\T1/lmtt/m/n/12 unixodbc-dev\T1/lmr/m/n/12 . For the MySQL driver, the pack-age
s would typ-i-cally be named \T1/lmtt/m/n/12 libmysqlclient
 []

[27] [28]
Overfull \hbox (3.2305pt too wide) in paragraph at lines 566--578
\T1/lmtt/m/n/12 http://dev.mysql.com/doc/refman/5.1/en/multiple-servers.html \T
1/lmr/m/n/12 for fur-ther de-
 []

) (./other_libraries.tex [29]
Chapter 3.
[30

]
Overfull \hbox (5.42018pt too wide) in paragraph at lines 74--80
[]| [] 
 []

[31]) (./packages.tex [32]
Chapter 4.
) (./wildmatch.tex [33

]
Chapter 5.
[34

]) (./pcre.tex [35]
Chapter 6.
[36

]
Overfull \hbox (16.01021pt too wide) in paragraph at lines 86--88
\T1/lmr/m/n/12 The \T1/lmtt/m/n/12 pcre \T1/lmr/m/n/12 pack-age also pro-vides 
a way to per-form string sub-sti-tu-tion via the \T1/lmtt/m/n/12 pcre:substitut
e/4
 []

[37] [38]) (./curl.tex [39]
Chapter 7.
[40

]
Underfull \hbox (badness 10000) in paragraph at lines 52--54

 []

[41] [42]
Overfull \hbox (58.34785pt too wide) in paragraph at lines 195--203
\T1/lmr/m/n/12 some Linux dis-tri-bu-tions, \T1/lmtt/m/n/12 libcurl-dev \T1/lmr
/m/n/12 might be called \T1/lmtt/m/n/12 libcurl-gnutls-dev \T1/lmr/m/n/12 or \T
1/lmtt/m/n/12 libcurl-openssl-dev\T1/lmr/m/n/12 .
 []


Overfull \hbox (56.34682pt too wide) in paragraph at lines 195--203
\T1/lmr/m/n/12 In ad-di-tion, the re-lease num-ber might be at-tached. For in-s
tance, \T1/lmtt/m/n/12 libcurl4 \T1/lmr/m/n/12 and \T1/lmtt/m/n/12 libcurl4-ope
nssl-dev\T1/lmr/m/n/12 . 
 []

) (./sgml2pl.tex [43]
Chapter 8.
[44

] [45]
Overfull \hbox (89.80374pt too wide) in paragraph at lines 116--124
\T1/lmr/m/n/12 The XML doc-u-ment is con-verted into a list of Pro-log terms of
 the form \T1/lmtt/m/n/12 element(\T1/lmtt/m/it/12 Name\T1/lmtt/m/n/12 ,\T1/lmt
t/m/it/12 Attributes\T1/lmtt/m/n/12 ,\T1/lmtt/m/it/12 Content\T1/lmtt/m/n/12 )\
T1/lmr/m/n/12 .
 []

[46]
Overfull \hbox (3.14421pt too wide) in paragraph at lines 162--166
[]\T1/lmr/m/n/12 The above pred-i-cates (in fact, just \T1/lmtt/m/n/12 load_xml
_structure/3 \T1/lmr/m/n/12 and \T1/lmtt/m/n/12 load_html_structure/3\T1/lmr/m/
n/12 )
 []


Overfull \hbox (13.01688pt too wide) in paragraph at lines 170--180
\T1/lmr/m/it/12 Source \T1/lmr/m/n/12 can have one of the fol-low-ing forms: \T
1/lmtt/m/n/12 url(\T1/lmr/m/it/12 url\T1/lmtt/m/n/12 )\T1/lmr/m/n/12 , \T1/lmtt
/m/n/12 file(\T1/lmr/m/it/12 file name\T1/lmtt/m/n/12 )\T1/lmr/m/n/12 , \T1/lmt
t/m/n/12 string(\T1/lmr/m/it/12 'document
 []

[47] [48] [49]
Overfull \hbox (26.57509pt too wide) in paragraph at lines 364--366
\T1/lmr/m/n/12 The parsed term will be \T1/lmtt/m/n/12 ['Consider adjacent',ele
ment(b,[],[bold]),element(ul,[],
 []

[50] [51]
Underfull \hbox (badness 10000) in paragraph at lines 501--502

 []

[52] [53]
Overfull \hbox (37.98857pt too wide) in paragraph at lines 621--626
\T1/lmr/m/it/12 Source \T1/lmr/m/n/12 can have one of the fol-low-ing forms: \T
1/lmtt/m/n/12 url(\T1/lmr/m/it/12 url\T1/lmtt/m/n/12 )\T1/lmr/m/n/12 , \T1/lmtt
/m/n/12 file(\T1/lmr/m/it/12 fileName\T1/lmtt/m/n/12 )\T1/lmr/m/n/12 , \T1/lmtt
/m/n/12 string(\T1/lmr/m/it/12 'document
 []

[54]
Underfull \hbox (badness 10000) in paragraph at lines 686--686

 []

[55] [56] [57] [58]) (./rdf.tex [59]
Chapter 9.
[60

] [61]
Overfull \hbox (4.39748pt too wide) in paragraph at lines 144--152
\T1/lmr/m/n/12 file ([][]$\T1/lmtt/m/n/12 http : / / rdf . dmoz . org / rdf / s
tructure . rdf . u8 . gz$[][]\T1/lmr/m/n/12 ), the fol-low-ing dec-la-ra-tions 
are used: 
 []

[62]
Overfull \hbox (8.51515pt too wide) in paragraph at lines 187--192
\T1/lmr/m/n/12 Process an XML term pro-duced by \T1/lmtt/m/n/12 sgml\T1/lmr/m/n
/12 's \T1/lmtt/m/n/12 load_structure/4 \T1/lmr/m/n/12 us-ing the \T1/lmtt/m/n/
12 dialect(xmlns)
 []

) (./clpr.tex [63]
Chapter 10.
[64

] [65] [66]
Overfull \hbox (1.50076pt too wide) in paragraph at lines 174--180
[] \T1/lmr/m/n/12 Suc-ceeds if \T1/lmtt/m/n/12 Constraint \T1/lmr/m/n/12 is log
-i-cally im-plied by the cur-rent con-straint store. \T1/lmtt/m/n/12 entailed/1

 []

LaTeX Font Info:    Try loading font information for T1+lmss on input line 203.

(/usr/share/texmf/tex/latex/lm/t1lmss.fd
File: t1lmss.fd 2009/10/30 v1.6 Font defs for Latin Modern
) [67] [68] [69] [70] [71] [72]
[73]
Overfull \hbox (33.8706pt too wide) in paragraph at lines 639--639
 []\T1/lmtt/m/n/10.95 |?- X in 1..4,Y in 1..3,X #< Y,labeling([leftmost],[X,Y])
,writeln([X,Y]),fail.[] 
 []

[74]
Overfull \hbox (22.37314pt too wide) in paragraph at lines 672--672
 []\T1/lmtt/m/n/10.95 |?- X in 1..4,Y in 1..3,X #< Y,labeling([min(Y)],[X,Y]),w
riteln([X,Y]),fail.[] 
 []


Overfull \hbox (22.37314pt too wide) in paragraph at lines 672--672
 []\T1/lmtt/m/n/10.95 |?- X in 1..4,Y in 1..3,X #< Y,labeling([max(X)],[X,Y]),w
riteln([X,Y]),fail.[] 
 []


Overfull \hbox (48.26205pt too wide) in paragraph at lines 698--698
 []\T1/lmtt/m/n/10.95 |?- X in 1..10, Y in 1..10, serialized([X,Y],[8,1]),label
([X,Y]),writeln((X,Y)),fail.[] 
 []


Overfull \hbox (65.50826pt too wide) in paragraph at lines 711--711
 []\T1/lmtt/m/n/10.95 X in 1..10, Y in 1..10, serialized([X,Y],[8,1]),X #< Y,la
bel([X,Y]),writeln((X,Y)),fail.[] 
 []


Overfull \hbox (31.01585pt too wide) in paragraph at lines 730--730
 []\T1/lmtt/m/n/10.95 |?- X in 1..3,Y in 1..3,lex_chain([[X],[2],[Y]]),label([X
,Y]),writeln([X,Y]),fail.[] 
 []

[75]) (./chr.tex [76]
Chapter 11.
[77

] [78] [79] [80] [81] [82] [83] [84] [85] [86] [87] [88]) (./xasp.tex
[89]
Chapter 12.
LaTeX Font Info:    External font `lmex10' loaded for size
(Font)              <17.28> on input line 7.
[90

] [91]
Overfull \hbox (94.25192pt too wide) in paragraph at lines 160--162
[]\T1/lmtt/m/n/10.95 PASSED testsuite for /Users/terranceswift/XSBNEW/XSB/confi
g/powerpc-apple-darwin7.5.1/bin/xsb
 []


Underfull \hbox (badness 10000) in paragraph at lines 160--162

 []

[92]
Overfull \hbox (7.96608pt too wide) in paragraph at lines 191--201
\T1/lmr/m/n/12 na-tives are ei-ther (a) change the \T1/lmtt/m/n/12 PATH \T1/lmr
/m/n/12 en-vi-ron-ment vari-able to con-tain []\T1/lmtt/m/n/12 c:\smodels-2.31\
T1/lmr/m/n/12 ,
 []


Overfull \hbox (83.50935pt too wide) in paragraph at lines 191--201
\T1/lmr/m/n/12 for in-stance). One sim-ple way to do this is to copy \T1/lmtt/m
/n/12 smodels.dll \T1/lmr/m/n/12 to \T1/lmtt/m/n/12 $XSB/config/i686-pc-cygwin/
bin\T1/lmr/m/n/12 ,
 []


Overfull \hbox (16.56993pt too wide) in paragraph at lines 211--211
 []\T1/lmtt/m/n/12 $ ./configure --enable-no-cygwin -with-smodels="/cygdrive/c/
smodels-2.31''[] 
 []

[93] [94] [95] [96]
Overfull \hbox (70.62596pt too wide) in paragraph at lines 544--544
[]\T1/lmtt/m/n/10.95 :- import thread_get_message/2,  thread_send_message/2, me
ssage_queue_create/1 from mutex_xsb.[] 
 []


LaTeX Warning: Float too large for page by 153.94286pt on input line 547.

[97] [98]) (./pita.tex [99]
Chapter 13.

Package hyperref Warning: Difference (2) between bookmark levels is greater 
(hyperref)                than one, level fixed on input line 40.


Overfull \hbox (19.05753pt too wide) in paragraph at lines 46--49
\T1/lmtt/m/n/12 gz$[][]\T1/lmr/m/n/12 ), for ex-am-ple \T1/lmtt/m/n/12 cudd-2.4
.2.tar.gz\T1/lmr/m/n/12 . Af-ter de-com-press-ing, you will have a di-recory \T
1/lmtt/m/n/12 cudd-2.4.2
 []

[100

] [101]
Overfull \hbox (1.51506pt too wide) in paragraph at lines 127--128
\T1/lmr/m/n/12 you can per-form faster in-fer-ence with an op-ti-mized ver-sion
 of PITA in pack-age \T1/lmtt/m/n/12 pitaindexc.P\T1/lmr/m/n/12 .
 []

[102]) (./otherpackages.tex [103]
Chapter 14.
(./florablurb.tex [104

] [105]) [106] [107] [108] [109]
Overfull \hbox (17.74786pt too wide) in paragraph at lines 340--346
\T1/lmr/m/n/12 If \T1/lmtt/m/n/12 Annotated_atom \T1/lmr/m/n/12 is of the form 
\T1/lmtt/m/n/12 Atom:[Lattice_type,Annotation] \T1/lmr/m/n/12 the meta-interpre
ter
 []

) (./manual2.bbl [110] [111

] [112]) (./manual2.ind [113] [114

] [115])
Package atveryend Info: Empty hook `BeforeClearDocument' on input line 222.
Package atveryend Info: Empty hook `AfterLastShipout' on input line 222.

(./manual2.aux)
Package atveryend Info: Executing hook `AtVeryEndDocument' on input line 222.
Package atveryend Info: Executing hook `AtEndAfterFileList' on input line 222.
Package rerunfilecheck Info: File `manual2.out' has not changed.
(rerunfilecheck)             Checksum: A99A306744BD642109B92B74A7FFE800;8028.
Package atveryend Info: Empty hook `AtVeryVeryEnd' on input line 222.
 ) 
Here is how much of TeX's memory you used:
 7078 strings out of 494953
 100579 string characters out of 6180977
 177980 words of memory out of 5000000
 9843 multiletter control sequences out of 15000+600000
 94987 words of font info for 90 fonts, out of 8000000 for 9000
 14 hyphenation exceptions out of 8191
 34i,10n,30p,510b,545s stack positions out of 5000i,500n,10000p,200000b,80000s
{/usr/share/texmf/fonts/enc/dvips/lm/lm-ec.enc}{/usr/share/texmf/fonts/enc/dv
ips/lm/lm-rm.enc}{/usr/share/texmf/fonts/enc/dvips/lm/lm-mathit.enc}{/usr/share
/texmf/fonts/enc/dvips/lm/lm-mathsy.enc}</usr/share/texmf/fonts/type1/public/lm
/lmbx12.pfb></usr/share/texmf/fonts/type1/public/lm/lmcsc10.pfb></usr/share/tex
mf/fonts/type1/public/lm/lmmi12.pfb></usr/share/texmf/fonts/type1/public/lm/lmm
i8.pfb></usr/share/texmf/fonts/type1/public/lm/lmr10.pfb></usr/share/texmf/font
s/type1/public/lm/lmr12.pfb></usr/share/texmf/fonts/type1/public/lm/lmr7.pfb></
usr/share/texmf/fonts/type1/public/lm/lmr8.pfb></usr/share/texmf/fonts/type1/pu
blic/lm/lmri12.pfb></usr/share/texmf/fonts/type1/public/lm/lmro12.pfb></usr/sha
re/texmf/fonts/type1/public/lm/lmss12.pfb></usr/share/texmf/fonts/type1/public/
lm/lmsy10.pfb></usr/share/texmf/fonts/type1/public/lm/lmtt10.pfb></usr/share/te
xmf/fonts/type1/public/lm/lmtt12.pfb></usr/share/texmf/fonts/type1/public/lm/lm
tti10.pfb>
Output written on manual2.pdf (122 pages, 626576 bytes).
PDF statistics:
 1537 PDF objects out of 1728 (max. 8388607)
 1383 compressed objects within 14 object streams
 317 named destinations out of 1000 (max. 500000)
 886 words of extra memory for PDF output out of 10000 (max. 10000000)

